<?xml version="1.0" encoding="UTF-8"?>
<testsuite xmlns:xsi="http://www.w3.org/2001/XMLSchema-instance" xsi:noNamespaceSchemaLocation="https://maven.apache.org/surefire/maven-surefire-plugin/xsd/surefire-test-report.xsd" name="com.fizzbuzz.game.fizzBuzzGame.FizzBuzzGameTest" time="0.144" tests="5" errors="0" skipped="0" failures="0">
  <properties>
[...]
</properties>
  <testcase name="testPlay_NagyobbMintMeddigFizz_Error" classname="com.fizzbuzz.game.fizzBuzzGame.FizzBuzzGameTest" time="0.135"/>
  <testcase name="testPlay_CsakFizz_Ok" classname="com.fizzbuzz.game.fizzBuzzGame.FizzBuzzGameTest" time="0.002"/>
  <testcase name="testPlay_FizzBuzz_Ok" classname="com.fizzbuzz.game.fizzBuzzGame.FizzBuzzGameTest" time="0.001"/>
  <testcase name="testPlay_NagyobbMintMeddigBuzz_Error" classname="com.fizzbuzz.game.fizzBuzzGame.FizzBuzzGameTest" time="0.002"/>
  <testcase name="testPlay_CsakBuzz_Ok" classname="com.fizzbuzz.game.fizzBuzzGame.FizzBuzzGameTest" time="0.001"/>
</testsuite>